[debug] [2025-10-13T01:59:31.650Z] ----------------------------------------------------------------------
[debug] [2025-10-13T01:59:31.652Z] Command:       C:\Program Files\nodejs\node.exe C:\Users\HP\AppData\Roaming\npm\node_modules\firebase-tools\lib\bin\firebase.js init hosting
[debug] [2025-10-13T01:59:31.652Z] CLI Version:   14.19.1
[debug] [2025-10-13T01:59:31.652Z] Platform:      win32
[debug] [2025-10-13T01:59:31.652Z] Node Version:  v22.20.0
[debug] [2025-10-13T01:59:31.652Z] Time:          Mon Oct 13 2025 08:59:31 GMT+0700 (เวลาอินโดจีน)
[debug] [2025-10-13T01:59:31.653Z] ----------------------------------------------------------------------
[debug] 
[debug] [2025-10-13T01:59:31.654Z] >>> [apiv2][query] GET https://firebase-public.firebaseio.com/cli.json [none]
[info] 
     ######## #### ########  ######## ########     ###     ######  ########
     ##        ##  ##     ## ##       ##     ##  ##   ##  ##       ##
     ######    ##  ########  ######   ########  #########  ######  ######
     ##        ##  ##    ##  ##       ##     ## ##     ##       ## ##
     ##       #### ##     ## ######## ########  ##     ##  ######  ########

You're about to initialize a Firebase project in this directory:

  D:\WEEK1\my-game-store-fullstack\frontend

[debug] [2025-10-13T01:59:32.258Z] <<< [apiv2][status] GET https://firebase-public.firebaseio.com/cli.json 200
[debug] [2025-10-13T01:59:32.258Z] <<< [apiv2][body] GET https://firebase-public.firebaseio.com/cli.json {"cloudBuildErrorAfter":1594252800000,"cloudBuildWarnAfter":1590019200000,"defaultNode10After":1594252800000,"minVersion":"3.0.5","node8DeploysDisabledAfter":1613390400000,"node8RuntimeDisabledAfter":1615809600000,"node8WarnAfter":1600128000000}
[info] 
=== Project Setup
[info] 
[info] First, let's associate this project directory with a Firebase project.
[info] You can create multiple project aliases by running firebase use --add, 
[info] 
[debug] [2025-10-13T02:02:46.608Z] > command requires scopes: ["email","openid","https://www.googleapis.com/auth/cloudplatformprojects.readonly","https://www.googleapis.com/auth/firebase","https://www.googleapis.com/auth/cloud-platform"]
[debug] [2025-10-13T02:02:46.608Z] > authorizing via signed-in user (66011212084@msu.ac.th)
[debug] [2025-10-13T02:02:46.609Z] Checked if tokens are valid: false, expires at: 1757905639945
[debug] [2025-10-13T02:02:46.609Z] Checked if tokens are valid: false, expires at: 1757905639945
[debug] [2025-10-13T02:02:46.609Z] > refreshing access token with scopes: []
[debug] [2025-10-13T02:02:46.610Z] >>> [apiv2][query] POST https://www.googleapis.com/oauth2/v3/token [none]
[debug] [2025-10-13T02:02:46.610Z] >>> [apiv2][body] POST https://www.googleapis.com/oauth2/v3/token [omitted]
[debug] [2025-10-13T02:02:46.839Z] <<< [apiv2][status] POST https://www.googleapis.com/oauth2/v3/token 200
[debug] [2025-10-13T02:02:46.839Z] <<< [apiv2][body] POST https://www.googleapis.com/oauth2/v3/token [omitted]
[debug] [2025-10-13T02:02:46.843Z] >>> [apiv2][query] GET https://firebase.googleapis.com/v1beta1/projects pageSize=100
[debug] [2025-10-13T02:02:47.634Z] <<< [apiv2][status] GET https://firebase.googleapis.com/v1beta1/projects 200
[debug] [2025-10-13T02:02:47.634Z] <<< [apiv2][body] GET https://firebase.googleapis.com/v1beta1/projects [omitted]
[info] 
=== Hosting Setup
[debug] [2025-10-13T02:02:52.294Z] Checked if tokens are valid: true, expires at: 1760324565839
[debug] [2025-10-13T02:02:52.294Z] Checked if tokens are valid: true, expires at: 1760324565839
[debug] [2025-10-13T02:02:52.294Z] >>> [apiv2][query] GET https://firebase.googleapis.com/v1beta1/projects/frontend-d59d0 [none]
[debug] [2025-10-13T02:02:52.631Z] <<< [apiv2][status] GET https://firebase.googleapis.com/v1beta1/projects/frontend-d59d0 200
[debug] [2025-10-13T02:02:52.631Z] <<< [apiv2][body] GET https://firebase.googleapis.com/v1beta1/projects/frontend-d59d0 {"projectId":"frontend-d59d0","projectNumber":"369597906181","displayName":"frontend","name":"projects/frontend-d59d0","resources":{"hostingSite":"frontend-d59d0"},"state":"ACTIVE","etag":"1_ddca333b-8443-427a-9e0c-ecce28a40e47"}
[info] 
[info] Your public directory is the folder (relative to your project directory) that
[info] will contain Hosting assets to be uploaded with firebase deploy. If you
[info] have a build process for your assets, use your build's output directory.
[info] 
[debug] [2025-10-13T02:03:15.672Z] >>> [apiv2][query] GET https://www.gstatic.com/firebasejs/releases.json [none]
[debug] [2025-10-13T02:03:15.870Z] <<< [apiv2][status] GET https://www.gstatic.com/firebasejs/releases.json 200
[debug] [2025-10-13T02:03:15.870Z] <<< [apiv2][body] GET https://www.gstatic.com/firebasejs/releases.json {"current":{"version":"12.4.0","browserURL":"https://www.gstatic.com/firebasejs/12.4.0/firebase.js","packageURL":"https://www.gstatic.com/firebasejs/12.4.0/firebase.tgz"},"live":{"version":"12.4","browserURL":"https://www.gstatic.com/firebasejs/live/12.4/firebase.js","packageURL":"https://www.gstatic.com/firebasejs/live/12.4/firebase.tgz"},"components":{"ai":"https://www.gstatic.com/firebasejs/12.4.0/firebase-ai.js","analytics":"https://www.gstatic.com/firebasejs/12.4.0/firebase-analytics.js","app":"https://www.gstatic.com/firebasejs/12.4.0/firebase-app.js","app-check":"https://www.gstatic.com/firebasejs/12.4.0/firebase-app-check.js","auth":"https://www.gstatic.com/firebasejs/12.4.0/firebase-auth.js","auth/cordova":"https://www.gstatic.com/firebasejs/12.4.0/firebase-auth/cordova.js","auth/web-extension":"https://www.gstatic.com/firebasejs/12.4.0/firebase-auth/web-extension.js","functions":"https://www.gstatic.com/firebasejs/12.4.0/firebase-functions.js","firestore":"https://www.gstatic.com/firebasejs/12.4.0/firebase-firestore.js","firestore/lite":"https://www.gstatic.com/firebasejs/12.4.0/firebase-firestore/lite.js","installations":"https://www.gstatic.com/firebasejs/12.4.0/firebase-installations.js","storage":"https://www.gstatic.com/firebasejs/12.4.0/firebase-storage.js","performance":"https://www.gstatic.com/firebasejs/12.4.0/firebase-performance.js","remote-config":"https://www.gstatic.com/firebasejs/12.4.0/firebase-remote-config.js","messaging":"https://www.gstatic.com/firebasejs/12.4.0/firebase-messaging.js","messaging/sw":"https://www.gstatic.com/firebasejs/12.4.0/firebase-messaging/sw.js","database":"https://www.gstatic.com/firebasejs/12.4.0/firebase-database.js","data-connect":"https://www.gstatic.com/firebasejs/12.4.0/firebase-data-connect.js","firestore.memory":"https://www.gstatic.com/firebasejs/12.4.0/firebase-firestore.memory.js"}}
[info] +  Wrote public/index.html 
[info] 
[info] i  Detected a .git folder at D:\WEEK1\my-game-store-fullstack\frontend 
[info] i  Authorizing with GitHub to upload your service account to a GitHub repository's secrets store. 
[info] 
[info] Visit this URL on this device to log in:
[info] https://github.com/login/oauth/authorize?client_id=89cf50f02ac6aaed3484&state=199729343&redirect_uri=http%3A%2F%2Flocalhost%3A9005&scope=read%3Auser%20repo%20public_repo
[info] 
[info] Waiting for authentication...
[debug] [2025-10-13T02:03:28.647Z] >>> [apiv2][query] POST https://github.com/login/oauth/access_token [none]
[debug] [2025-10-13T02:03:28.647Z] >>> [apiv2][body] POST https://github.com/login/oauth/access_token [stream]
[debug] [2025-10-13T02:03:29.143Z] <<< [apiv2][status] POST https://github.com/login/oauth/access_token 200
[debug] [2025-10-13T02:03:29.143Z] <<< [apiv2][body] POST https://github.com/login/oauth/access_token {"access_token":"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","token_type":"bearer","scope":"read:user,repo"}
[debug] [2025-10-13T02:03:29.150Z] >>> [apiv2][query] GET https://api.github.com/user [none]
[debug] [2025-10-13T02:03:29.618Z] <<< [apiv2][status] GET https://api.github.com/user 200
[debug] [2025-10-13T02:03:29.619Z] <<< [apiv2][body] GET https://api.github.com/user {"login":"noom05","id":183215066,"node_id":"U_kgDOCuuj2g","avatar_url":"https://avatars.githubusercontent.com/u/183215066?v=4","gravatar_id":"","url":"https://api.github.com/users/noom05","html_url":"https://github.com/noom05","followers_url":"https://api.github.com/users/noom05/followers","following_url":"https://api.github.com/users/noom05/following{/other_user}","gists_url":"https://api.github.com/users/noom05/gists{/gist_id}","starred_url":"https://api.github.com/users/noom05/starred{/owner}{/repo}","subscriptions_url":"https://api.github.com/users/noom05/subscriptions","organizations_url":"https://api.github.com/users/noom05/orgs","repos_url":"https://api.github.com/users/noom05/repos","events_url":"https://api.github.com/users/noom05/events{/privacy}","received_events_url":"https://api.github.com/users/noom05/received_events","type":"User","user_view_type":"private","site_admin":false,"name":null,"company":null,"blog":"","location":null,"email":null,"hireable":null,"bio":null,"twitter_username":null,"notification_email":null,"public_repos":7,"public_gists":0,"followers":1,"following":0,"created_at":"2024-09-28T14:01:02Z","updated_at":"2025-09-21T03:52:57Z","private_gists":0,"total_private_repos":2,"owned_private_repos":2,"disk_usage":30471,"collaborators":0,"two_factor_authentication":false,"plan":{"name":"free","space":976562499,"collaborators":0,"private_repos":10000}}
[info] 
[info] +  Success! Logged into GitHub as noom05 
[info] 
